<?xml version="1.0" encoding="UTF-8"?>
<!-- Generated by org.testng.reporters.JUnitXMLReporter -->
<testsuite ignored="0" hostname="Godzilla-ASUSDesktop" failures="0" tests="2" name="SAPFiori Test" time="191.964" errors="0" timestamp="2024-03-19T21:27:37 MDT">
  <testcase classname="com.SAPFiori.Tests.JGLAccountingDocument_TC2" name="JGLUseTiles_Filters_test" time="91.165"/>
  <testcase classname="com.SAPFiori.Tests.JGLAccountingDocument_TC2" name="JEDocumentImpactValidateTotals_test" time="84.868"/>
</testsuite> <!-- SAPFiori Test -->
