<?xml version="1.0" encoding="UTF-8"?>
<testng-results ignored="0" total="2" passed="2" failed="0" skipped="0">
  <reporter-output>
  </reporter-output>
  <suite started-at="2024-03-19T21:24:25 MDT" name="RegressionSuite1" finished-at="2024-03-19T21:27:37 MDT" duration-ms="191964">
    <groups>
      <group name="Regression">
        <method signature="JGLAccountingDocument_TC2.JGLUseTiles_Filters_test()[pri:1, instance:com.SAPFiori.Tests.JGLAccountingDocument_TC2@1ff4931d]" name="JGLUseTiles_Filters_test" class="com.SAPFiori.Tests.JGLAccountingDocument_TC2"/>
        <method signature="JGLAccountingDocument_TC2.JEDocumentImpactValidateTotals_test()[pri:2, instance:com.SAPFiori.Tests.JGLAccountingDocument_TC2@1ff4931d]" name="JEDocumentImpactValidateTotals_test" class="com.SAPFiori.Tests.JGLAccountingDocument_TC2"/>
      </group> <!-- Regression -->
    </groups>
    <test started-at="2024-03-19T21:24:25 MDT" name="SAPFiori Test" finished-at="2024-03-19T21:27:37 MDT" duration-ms="191964">
      <class name="com.SAPFiori.Tests.JGLAccountingDocument_TC2">
        <test-method is-config="true" signature="loadConfig()[pri:0, instance:com.SAPFiori.Tests.JGLAccountingDocument_TC2@1ff4931d]" started-at="2024-03-19T21:24:25 MDT" name="loadConfig" finished-at="2024-03-19T21:24:25 MDT" duration-ms="502" status="PASS">
          <reporter-output>
          </reporter-output>
        </test-method> <!-- loadConfig -->
        <test-method is-config="true" signature="setup(java.lang.String)[pri:0, instance:com.SAPFiori.Tests.JGLAccountingDocument_TC2@1ff4931d]" started-at="2024-03-19T21:24:25 MDT" name="setup" finished-at="2024-03-19T21:24:33 MDT" duration-ms="7586" status="PASS">
          <params>
            <param index="0">
              <value>
                <![CDATA[chrome]]>
              </value>
            </param>
          </params>
          <reporter-output>
          </reporter-output>
        </test-method> <!-- setup -->
        <test-method signature="JGLUseTiles_Filters_test()[pri:1, instance:com.SAPFiori.Tests.JGLAccountingDocument_TC2@1ff4931d]" started-at="2024-03-19T21:24:33 MDT" name="JGLUseTiles_Filters_test" finished-at="2024-03-19T21:26:04 MDT" duration-ms="91165" status="PASS">
          <reporter-output>
          </reporter-output>
        </test-method> <!-- JGLUseTiles_Filters_test -->
        <test-method is-config="true" signature="tearDown(java.lang.String)[pri:0, instance:com.SAPFiori.Tests.JGLAccountingDocument_TC2@1ff4931d]" started-at="2024-03-19T21:26:04 MDT" name="tearDown" finished-at="2024-03-19T21:26:04 MDT" duration-ms="134" status="PASS">
          <params>
            <param index="0">
              <value>
                <![CDATA[chrome]]>
              </value>
            </param>
          </params>
          <reporter-output>
          </reporter-output>
        </test-method> <!-- tearDown -->
        <test-method is-config="true" signature="setup(java.lang.String)[pri:0, instance:com.SAPFiori.Tests.JGLAccountingDocument_TC2@1ff4931d]" started-at="2024-03-19T21:26:04 MDT" name="setup" finished-at="2024-03-19T21:26:12 MDT" duration-ms="7980" status="PASS">
          <params>
            <param index="0">
              <value>
                <![CDATA[chrome]]>
              </value>
            </param>
          </params>
          <reporter-output>
          </reporter-output>
        </test-method> <!-- setup -->
        <test-method signature="JEDocumentImpactValidateTotals_test()[pri:2, instance:com.SAPFiori.Tests.JGLAccountingDocument_TC2@1ff4931d]" started-at="2024-03-19T21:26:12 MDT" name="JEDocumentImpactValidateTotals_test" finished-at="2024-03-19T21:27:37 MDT" duration-ms="84868" status="PASS">
          <reporter-output>
          </reporter-output>
        </test-method> <!-- JEDocumentImpactValidateTotals_test -->
        <test-method is-config="true" signature="tearDown(java.lang.String)[pri:0, instance:com.SAPFiori.Tests.JGLAccountingDocument_TC2@1ff4931d]" started-at="2024-03-19T21:27:37 MDT" name="tearDown" finished-at="2024-03-19T21:27:37 MDT" duration-ms="139" status="PASS">
          <params>
            <param index="0">
              <value>
                <![CDATA[chrome]]>
              </value>
            </param>
          </params>
          <reporter-output>
          </reporter-output>
        </test-method> <!-- tearDown -->
        <test-method is-config="true" signature="aftersuite()[pri:0, instance:com.SAPFiori.Tests.JGLAccountingDocument_TC2@1ff4931d]" started-at="2024-03-19T21:27:37 MDT" name="aftersuite" finished-at="2024-03-19T21:27:37 MDT" duration-ms="0" status="PASS">
          <reporter-output>
          </reporter-output>
        </test-method> <!-- aftersuite -->
      </class> <!-- com.SAPFiori.Tests.JGLAccountingDocument_TC2 -->
    </test> <!-- SAPFiori Test -->
  </suite> <!-- RegressionSuite1 -->
</testng-results>
